# JRE version: OpenJDK Runtime Environment (8.0_275-b01) (build 1.8.0_275-b01)
# Java VM: OpenJDK 64-Bit Server VM (25.275-b01 mixed mode windows-amd64 compressed oops)
Heap:
 PSYoungGen      total 113152K, used 77553K [0x00000000f5580000, 0x0000000100000000, 0x0000000100000000)
  eden space 69120K, 49% used [0x00000000f5580000,0x00000000f76ba8d8,0x00000000f9900000)
  from space 44032K, 98% used [0x00000000f9900000,0x00000000fc381d00,0x00000000fc400000)
  to   space 57856K, 0% used [0x00000000fc780000,0x00000000fc780000,0x0000000100000000)
 ParOldGen       total 349696K, used 201676K [0x00000000e0000000, 0x00000000f5580000, 0x00000000f5580000)
  object space 349696K, 57% used [0x00000000e0000000,0x00000000ec4f3258,0x00000000f5580000)
 Metaspace       used 107303K, capacity 113152K, committed 113536K, reserved 1148928K
  class space    used 13741K, capacity 14819K, committed 14976K, reserved 1048576K
GC Heap History (10 events):
Event: 8998.656 GC heap before
{Heap before GC invocations=113 (full 6):
 PSYoungGen      total 132608K, used 89600K [0x00000000f5580000, 0x0000000100000000, 0x0000000100000000)
  eden space 89600K, 100% used [0x00000000f5580000,0x00000000fad00000,0x00000000fad00000)
  from space 43008K, 0% used [0x00000000fd600000,0x00000000fd600000,0x0000000100000000)
  to   space 41984K, 0% used [0x00000000fad00000,0x00000000fad00000,0x00000000fd600000)
 ParOldGen       total 349696K, used 137708K [0x00000000e0000000, 0x00000000f5580000, 0x00000000f5580000)
  object space 349696K, 39% used [0x00000000e0000000,0x00000000e867b3c8,0x00000000f5580000)
 Metaspace       used 107210K, capacity 113076K, committed 113536K, reserved 1148928K
  class space    used 13733K, capacity 14817K, committed 14976K, reserved 1048576K
Event: 8998.692 GC heap after
Heap after GC invocations=113 (full 6):
 PSYoungGen      total 121856K, used 32079K [0x00000000f5580000, 0x0000000100000000, 0x0000000100000000)
  eden space 89600K, 0% used [0x00000000f5580000,0x00000000f5580000,0x00000000fad00000)
  from space 32256K, 99% used [0x00000000fad00000,0x00000000fcc53d10,0x00000000fcc80000)
  to   space 46080K, 0% used [0x00000000fd300000,0x00000000fd300000,0x0000000100000000)
 ParOldGen       total 349696K, used 137708K [0x00000000e0000000, 0x00000000f5580000, 0x00000000f5580000)
  object space 349696K, 39% used [0x00000000e0000000,0x00000000e867b3c8,0x00000000f5580000)
 Metaspace       used 107210K, capacity 113076K, committed 113536K, reserved 1148928K
  class space    used 13733K, capacity 14817K, committed 14976K, reserved 1048576K
}
Event: 8999.343 GC heap before
{Heap before GC invocations=114 (full 6):
 PSYoungGen      total 121856K, used 121679K [0x00000000f5580000, 0x0000000100000000, 0x0000000100000000)
  eden space 89600K, 100% used [0x00000000f5580000,0x00000000fad00000,0x00000000fad00000)
  from space 32256K, 99% used [0x00000000fad00000,0x00000000fcc53d10,0x00000000fcc80000)
  to   space 46080K, 0% used [0x00000000fd300000,0x00000000fd300000,0x0000000100000000)
 ParOldGen       total 349696K, used 137708K [0x00000000e0000000, 0x00000000f5580000, 0x00000000f5580000)
  object space 349696K, 39% used [0x00000000e0000000,0x00000000e867b3c8,0x00000000f5580000)
 Metaspace       used 107213K, capacity 113076K, committed 113536K, reserved 1148928K
  class space    used 13733K, capacity 14817K, committed 14976K, reserved 1048576K
Event: 8999.416 GC heap after
Heap after GC invocations=114 (full 6):
 PSYoungGen      total 123392K, used 30693K [0x00000000f5580000, 0x0000000100000000, 0x0000000100000000)
  eden space 77312K, 0% used [0x00000000f5580000,0x00000000f5580000,0x00000000fa100000)
  from space 46080K, 66% used [0x00000000fd300000,0x00000000ff0f9720,0x0000000100000000)
  to   space 48640K, 0% used [0x00000000fa100000,0x00000000fa100000,0x00000000fd080000)
 ParOldGen       total 349696K, used 162353K [0x00000000e0000000, 0x00000000f5580000, 0x00000000f5580000)
  object space 349696K, 46% used [0x00000000e0000000,0x00000000e9e8c4f8,0x00000000f5580000)
 Metaspace       used 107213K, capacity 113076K, committed 113536K, reserved 1148928K
  class space    used 13733K, capacity 14817K, committed 14976K, reserved 1048576K
}
Event: 8999.899 GC heap before
{Heap before GC invocations=115 (full 6):
 PSYoungGen      total 123392K, used 104024K [0x00000000f5580000, 0x0000000100000000, 0x0000000100000000)
  eden space 77312K, 94% used [0x00000000f5580000,0x00000000f9d1caa0,0x00000000fa100000)
  from space 46080K, 66% used [0x00000000fd300000,0x00000000ff0f9720,0x0000000100000000)
  to   space 48640K, 0% used [0x00000000fa100000,0x00000000fa100000,0x00000000fd080000)
 ParOldGen       total 349696K, used 162353K [0x00000000e0000000, 0x00000000f5580000, 0x00000000f5580000)
  object space 349696K, 46% used [0x00000000e0000000,0x00000000e9e8c4f8,0x00000000f5580000)
 Metaspace       used 107244K, capacity 113082K, committed 113536K, reserved 1148928K
  class space    used 13734K, capacity 14818K, committed 14976K, reserved 1048576K
Event: 8999.909 GC heap after
Heap after GC invocations=115 (full 6):
 PSYoungGen      total 125952K, used 10014K [0x00000000f5580000, 0x00000000ffe80000, 0x0000000100000000)
  eden space 77312K, 0% used [0x00000000f5580000,0x00000000f5580000,0x00000000fa100000)
  from space 48640K, 20% used [0x00000000fa100000,0x00000000faac7a48,0x00000000fd080000)
  to   space 46592K, 0% used [0x00000000fd100000,0x00000000fd100000,0x00000000ffe80000)
 ParOldGen       total 349696K, used 163617K [0x00000000e0000000, 0x00000000f5580000, 0x00000000f5580000)
  object space 349696K, 46% used [0x00000000e0000000,0x00000000e9fc84f8,0x00000000f5580000)
 Metaspace       used 107244K, capacity 113082K, committed 113536K, reserved 1148928K
  class space    used 13734K, capacity 14818K, committed 14976K, reserved 1048576K
}
Event: 9000.629 GC heap before
{Heap before GC invocations=116 (full 6):
 PSYoungGen      total 125952K, used 87201K [0x00000000f5580000, 0x00000000ffe80000, 0x0000000100000000)
  eden space 77312K, 99% used [0x00000000f5580000,0x00000000fa0e0ad8,0x00000000fa100000)
  from space 48640K, 20% used [0x00000000fa100000,0x00000000faac7a48,0x00000000fd080000)
  to   space 46592K, 0% used [0x00000000fd100000,0x00000000fd100000,0x00000000ffe80000)
 ParOldGen       total 349696K, used 163617K [0x00000000e0000000, 0x00000000f5580000, 0x00000000f5580000)
  object space 349696K, 46% used [0x00000000e0000000,0x00000000e9fc84f8,0x00000000f5580000)
 Metaspace       used 107250K, capacity 113088K, committed 113536K, reserved 1148928K
  class space    used 13734K, capacity 14819K, committed 14976K, reserved 1048576K
Event: 9000.638 GC heap after
Heap after GC invocations=116 (full 6):
 PSYoungGen      total 115712K, used 40549K [0x00000000f5580000, 0x0000000100000000, 0x0000000100000000)
  eden space 69120K, 0% used [0x00000000f5580000,0x00000000f5580000,0x00000000f9900000)
  from space 46592K, 87% used [0x00000000fd100000,0x00000000ff899460,0x00000000ffe80000)
  to   space 52736K, 0% used [0x00000000f9900000,0x00000000f9900000,0x00000000fcc80000)
 ParOldGen       total 349696K, used 165051K [0x00000000e0000000, 0x00000000f5580000, 0x00000000f5580000)
  object space 349696K, 47% used [0x00000000e0000000,0x00000000ea12ef08,0x00000000f5580000)
 Metaspace       used 107250K, capacity 113088K, committed 113536K, reserved 1148928K
  class space    used 13734K, capacity 14819K, committed 14976K, reserved 1048576K
}
Event: 9000.686 GC heap before
{Heap before GC invocations=117 (full 6):
 PSYoungGen      total 115712K, used 109407K [0x00000000f5580000, 0x0000000100000000, 0x0000000100000000)
  eden space 69120K, 99% used [0x00000000f5580000,0x00000000f98be9f0,0x00000000f9900000)
  from space 46592K, 87% used [0x00000000fd100000,0x00000000ff899460,0x00000000ffe80000)
  to   space 52736K, 0% used [0x00000000f9900000,0x00000000f9900000,0x00000000fcc80000)
 ParOldGen       total 349696K, used 165051K [0x00000000e0000000, 0x00000000f5580000, 0x00000000f5580000)
  object space 349696K, 47% used [0x00000000e0000000,0x00000000ea12ef08,0x00000000f5580000)
 Metaspace       used 107250K, capacity 113088K, committed 113536K, reserved 1148928K
  class space    used 13734K, capacity 14819K, committed 14976K, reserved 1048576K
Event: 9000.700 GC heap after
Heap after GC invocations=117 (full 6):
 PSYoungGen      total 113152K, used 43527K [0x00000000f5580000, 0x0000000100000000, 0x0000000100000000)
  eden space 69120K, 0% used [0x00000000f5580000,0x00000000f5580000,0x00000000f9900000)
  from space 44032K, 98% used [0x00000000f9900000,0x00000000fc381d00,0x00000000fc400000)
  to   space 57856K, 0% used [0x00000000fc780000,0x00000000fc780000,0x0000000100000000)
 ParOldGen       total 349696K, used 201676K [0x00000000e0000000, 0x00000000f5580000, 0x00000000f5580000)
  object space 349696K, 57% used [0x00000000e0000000,0x00000000ec4f3258,0x00000000f5580000)
 Metaspace       used 107250K, capacity 113088K, committed 113536K, reserved 1148928K
  class space    used 13734K, capacity 14819K, committed 14976K, reserved 1048576K
}

